<?xml version="1.0" encoding="UTF-8"?>
<!-- Generated by org.testng.reporters.JUnitXMLReporter -->
<testsuite hostname="vicky-PC" ignored="0" name="Default test" tests="3" failures="0" timestamp="2020-07-18T18:05:54 IST" time="79.296" errors="0">
  <testcase name="verifyLoginPageURLTest" time="0.164" classname="com.qa.pomcrm.testcases.LoginPageTest"/>
  <testcase name="vaerifyLoginPageTitle" time="0.048" classname="com.qa.pomcrm.testcases.LoginPageTest"/>
  <testcase name="verifyLoginTest" time="14.706" classname="com.qa.pomcrm.testcases.LoginPageTest"/>
</testsuite> <!-- Default test -->
